-1.7
-encoding
UTF-8
-showWeaveInfo
-classpath
F:\repository\org\apache\commons\commons-lang3\3.3.2\commons-lang3-3.3.2.jar;F:\repository\org\hibernate\hibernate-core\4.2.15.Final\hibernate-core-4.2.15.Final.jar;F:\repository\com\fasterxml\jackson\core\jackson-annotations\2.2.2\jackson-annotations-2.2.2.jar;F:\repository\com\fasterxml\jackson\core\jackson-core\2.2.2\jackson-core-2.2.2.jar;F:\repository\com\fasterxml\jackson\core\jackson-databind\2.2.2\jackson-databind-2.2.2.jar;F:\repository\com\googlecode\lambdaj\lambdaj\2.3.3\lambdaj-2.3.3.jar;F:\repository\org\slf4j\jcl-over-slf4j\1.7.7\jcl-over-slf4j-1.7.7.jar;F:\repository\ch\qos\logback\logback-classic\1.1.2\logback-classic-1.1.2.jar;F:\repository\org\springframework\spring-core\4.0.2.RELEASE\spring-core-4.0.2.RELEASE.jar;F:\repository\org\springframework\spring-context\4.0.2.RELEASE\spring-context-4.0.2.RELEASE.jar;F:\repository\org\springframework\spring-orm\4.0.2.RELEASE\spring-orm-4.0.2.RELEASE.jar;F:\repository\net\sf\jasperreports\jasperreports\5.5.1\jasperreports-5.5.1.jar;F:\repository\com\itextpdf\itextpdf\5.5.0\itextpdf-5.5.0.jar;F:\repository\net\sf\jxls\jxls-core\1.0.2\jxls-core-1.0.2.jar;F:\repository\commons-io\commons-io\2.4\commons-io-2.4.jar;F:\repository\ar\com\fdvs\DynamicJasper\5.0.0\DynamicJasper-5.0.0.jar;F:\repository\org\springframework\spring-test\4.0.2.RELEASE\spring-test-4.0.2.RELEASE.jar;F:\repository\org\testng\testng\6.8.7\testng-6.8.7.jar;F:\repository\org\hsqldb\hsqldb\2.3.0\hsqldb-2.3.0.jar;F:\repository\org\springframework\spring-aspects\4.0.2.RELEASE\spring-aspects-4.0.2.RELEASE.jar;F:\repository\org\aspectj\aspectjrt\1.7.4\aspectjrt-1.7.4.jar;F:\repository\org\aspectj\aspectjtools\1.7.4\aspectjtools-1.7.4.jar;F:\repository\org\springframework\spring-aop\4.0.2.RELEASE\spring-aop-4.0.2.RELEASE.jar;F:\repository\org\aspectj\aspectjweaver\1.7.4\aspectjweaver-1.7.4.jar;F:\repository\antlr\antlr\2.7.7\antlr-2.7.7.jar;F:\repository\org\jboss\logging\jboss-logging\3.1.0.GA\jboss-logging-3.1.0.GA.jar;F:\repository\dom4j\dom4j\1.6.1\dom4j-1.6.1.jar;F:\repository\org\javassist\javassist\3.18.1-GA\javassist-3.18.1-GA.jar;F:\repository\org\jboss\spec\javax\transaction\jboss-transaction-api_1.1_spec\1.0.1.Final\jboss-transaction-api_1.1_spec-1.0.1.Final.jar;F:\repository\org\hibernate\javax\persistence\hibernate-jpa-2.0-api\1.0.1.Final\hibernate-jpa-2.0-api-1.0.1.Final.jar;F:\repository\org\hibernate\common\hibernate-commons-annotations\4.0.2.Final\hibernate-commons-annotations-4.0.2.Final.jar;F:\repository\org\hamcrest\hamcrest-all\1.1\hamcrest-all-1.1.jar;F:\repository\org\objenesis\objenesis\1.2\objenesis-1.2.jar;F:\repository\cglib\cglib-nodep\2.2\cglib-nodep-2.2.jar;F:\repository\org\slf4j\slf4j-api\1.7.7\slf4j-api-1.7.7.jar;F:\repository\ch\qos\logback\logback-core\1.1.2\logback-core-1.1.2.jar;F:\repository\org\springframework\spring-beans\4.0.2.RELEASE\spring-beans-4.0.2.RELEASE.jar;F:\repository\org\springframework\spring-expression\4.0.2.RELEASE\spring-expression-4.0.2.RELEASE.jar;F:\repository\org\springframework\spring-jdbc\4.0.2.RELEASE\spring-jdbc-4.0.2.RELEASE.jar;F:\repository\org\springframework\spring-tx\4.0.2.RELEASE\spring-tx-4.0.2.RELEASE.jar;F:\repository\commons-beanutils\commons-beanutils\1.8.0\commons-beanutils-1.8.0.jar;F:\repository\commons-collections\commons-collections\2.1\commons-collections-2.1.jar;F:\repository\commons-digester\commons-digester\2.1\commons-digester-2.1.jar;F:\repository\commons-logging\commons-logging\1.1.1\commons-logging-1.1.1.jar;F:\repository\com\lowagie\itext\2.1.7.js2\itext-2.1.7.js2.jar;F:\repository\bouncycastle\bcmail-jdk14\138\bcmail-jdk14-138.jar;F:\repository\bouncycastle\bcprov-jdk14\138\bcprov-jdk14-138.jar;F:\repository\org\bouncycastle\bctsp-jdk14\1.38\bctsp-jdk14-1.38.jar;F:\repository\org\bouncycastle\bcprov-jdk14\1.38\bcprov-jdk14-1.38.jar;F:\repository\org\bouncycastle\bcmail-jdk14\1.38\bcmail-jdk14-1.38.jar;F:\repository\jfree\jcommon\1.0.15\jcommon-1.0.15.jar;F:\repository\jfree\jfreechart\1.0.12\jfreechart-1.0.12.jar;F:\repository\xml-apis\xml-apis\1.3.02\xml-apis-1.3.02.jar;F:\repository\eclipse\jdtcore\3.1.0\jdtcore-3.1.0.jar;F:\repository\org\codehaus\castor\castor\1.2\castor-1.2.jar;F:\repository\org\apache\commons\commons-jexl\2.0.1\commons-jexl-2.0.1.jar;F:\repository\org\apache\poi\poi\3.9\poi-3.9.jar;F:\repository\commons-codec\commons-codec\1.5\commons-codec-1.5.jar;F:\repository\org\apache\poi\poi-ooxml\3.9\poi-ooxml-3.9.jar;F:\repository\org\apache\poi\poi-ooxml-schemas\3.9\poi-ooxml-schemas-3.9.jar;F:\repository\org\apache\xmlbeans\xmlbeans\2.3.0\xmlbeans-2.3.0.jar;F:\repository\stax\stax-api\1.0.1\stax-api-1.0.1.jar;F:\repository\aopalliance\aopalliance\1.0\aopalliance-1.0.jar;F:\workspace\Modular\common\base-api\target\classes
-aspectpath
F:\repository\org\springframework\spring-aspects\4.0.2.RELEASE\spring-aspects-4.0.2.RELEASE.jar
-d
F:\workspace\Modular\common\base-api\target\classes
F:\workspace\Modular\common\base-api\src\main\java\com\dubby\base\enumeration\HasEnum.java
F:\workspace\Modular\common\base-api\src\main\java\com\dubby\base\enumeration\StatusType.java
F:\workspace\Modular\common\base-api\src\main\java\com\dubby\base\exception\BaseException.java
F:\workspace\Modular\common\base-api\src\main\java\com\dubby\base\hibernate\dialect\MySQL5InnoDBDialect.java
F:\workspace\Modular\common\base-api\src\main\java\com\dubby\base\model\abstracts\ACustomInfoHandler.java
F:\workspace\Modular\common\base-api\src\main\java\com\dubby\base\model\abstracts\ADictionary.java
F:\workspace\Modular\common\base-api\src\main\java\com\dubby\base\model\abstracts\AIdGenerator.java
F:\workspace\Modular\common\base-api\src\main\java\com\dubby\base\model\BaseDictionary.java
F:\workspace\Modular\common\base-api\src\main\java\com\dubby\base\model\Crypt.java
F:\workspace\Modular\common\base-api\src\main\java\com\dubby\base\model\CryptImpl.java
F:\workspace\Modular\common\base-api\src\main\java\com\dubby\base\model\Dictionary.java
F:\workspace\Modular\common\base-api\src\main\java\com\dubby\base\model\entity\CustomInfo.java
F:\workspace\Modular\common\base-api\src\main\java\com\dubby\base\model\entity\CustomInfoHandler.java
F:\workspace\Modular\common\base-api\src\main\java\com\dubby\base\model\entity\HasCache.java
F:\workspace\Modular\common\base-api\src\main\java\com\dubby\base\model\entity\HasCreateEntity.java
F:\workspace\Modular\common\base-api\src\main\java\com\dubby\base\model\entity\HasCustomInfo.java
F:\workspace\Modular\common\base-api\src\main\java\com\dubby\base\model\entity\HasPicker.java
F:\workspace\Modular\common\base-api\src\main\java\com\dubby\base\model\entity\HasRecordStatus.java
F:\workspace\Modular\common\base-api\src\main\java\com\dubby\base\model\entity\HasSerializableEntity.java
F:\workspace\Modular\common\base-api\src\main\java\com\dubby\base\model\entity\HasUpdateEntity.java
F:\workspace\Modular\common\base-api\src\main\java\com\dubby\base\model\entity\ModuleSetting.java
F:\workspace\Modular\common\base-api\src\main\java\com\dubby\base\model\entity\Notification.java
F:\workspace\Modular\common\base-api\src\main\java\com\dubby\base\model\entity\Sequence.java
F:\workspace\Modular\common\base-api\src\main\java\com\dubby\base\model\IdGenerator.java
F:\workspace\Modular\common\base-api\src\main\java\com\dubby\base\model\LocaleHelper.java
F:\workspace\Modular\common\base-api\src\main\java\com\dubby\base\model\LocaleHelperImpl.java
F:\workspace\Modular\common\base-api\src\main\java\com\dubby\base\model\NullEmptyChecker.java
F:\workspace\Modular\common\base-api\src\main\java\com\dubby\base\model\ObjectStringConverter.java
F:\workspace\Modular\common\base-api\src\main\java\com\dubby\base\model\ObjectStringConverterImpl.java
F:\workspace\Modular\common\base-api\src\main\java\com\dubby\base\model\PagedResult.java
F:\workspace\Modular\common\base-api\src\main\java\com\dubby\base\model\PagedResultImpl.java
F:\workspace\Modular\common\base-api\src\main\java\com\dubby\base\model\PersistenceManager.java
F:\workspace\Modular\common\base-api\src\main\java\com\dubby\base\model\PersistenceManagerImpl.java
F:\workspace\Modular\common\base-api\src\main\java\com\dubby\base\model\repo\ACacheContainerRepo.java
F:\workspace\Modular\common\base-api\src\main\java\com\dubby\base\model\repo\APickerRepo.java
F:\workspace\Modular\common\base-api\src\main\java\com\dubby\base\model\repo\ARepo.java
F:\workspace\Modular\common\base-api\src\main\java\com\dubby\base\model\repo\CacheContainerRepo.java
F:\workspace\Modular\common\base-api\src\main\java\com\dubby\base\model\repo\PickerRepo.java
F:\workspace\Modular\common\base-api\src\main\java\com\dubby\base\model\repo\Repo.java
F:\workspace\Modular\common\base-api\src\main\java\com\dubby\base\model\repo\SettingRepo.java
F:\workspace\Modular\common\base-api\src\main\java\com\dubby\base\model\repo\SettingRepoImpl.java
